<?xml version="1.0" encoding="UTF-8"?>
<!-- Generated by org.testng.reporters.JUnitReportReporter -->
<testsuite skipped="0" hostname="Sudhakar" name="com.adactin.TestCase3" tests="1" failures="0" timestamp="2020-07-18T11:02:25 IST" time="0.076" errors="0">
  <testcase name="reservationtest2" time="0.076" classname="com.adactin.TestCase3"/>
  <system-out/>
</testsuite> <!-- com.adactin.TestCase3 -->
