<?xml version="1.0" encoding="UTF-8"?>
<!-- Generated by org.testng.reporters.JUnitReportReporter -->
<testsuite skipped="0" hostname="Sudhakar" name="com.adactin.LoginTest" tests="1" failures="0" timestamp="2020-07-21T10:59:14 IST" time="1.671" errors="0">
  <testcase name="loginTest" time="1.671" classname="com.adactin.LoginTest"/>
  <system-out/>
</testsuite> <!-- com.adactin.LoginTest -->
