<?xml version="1.0" encoding="UTF-8"?>
<!-- Generated by org.testng.reporters.JUnitReportReporter -->
<testsuite skipped="0" hostname="Sudhakar" name="com.script.LoginTest" tests="1" failures="0" timestamp="2020-07-19T10:19:48 IST" time="2.220" errors="0">
  <testcase name="loginTest" time="2.220" classname="com.script.LoginTest"/>
  <system-out/>
</testsuite> <!-- com.script.LoginTest -->
