<?xml version="1.0" encoding="UTF-8"?>
<!-- Generated by org.testng.reporters.JUnitReportReporter -->
<testsuite skipped="0" hostname="Sudhakar" name="com.adactin.ReservationPageTest" tests="1" failures="0" timestamp="2020-07-21T10:59:14 IST" time="2.385" errors="0">
  <testcase name="reservationtest2" time="2.385" classname="com.adactin.ReservationPageTest"/>
  <system-out/>
</testsuite> <!-- com.adactin.ReservationPageTest -->
