<?xml version="1.0" encoding="UTF-8"?>
<!-- Generated by org.testng.reporters.JUnitReportReporter -->
<testsuite skipped="0" hostname="Sudhakar" name="com.adactin.SelectHotel" tests="1" failures="0" timestamp="2020-07-21T10:59:14 IST" time="0.003" errors="0">
  <testcase name="searchHotel" time="0.003" classname="com.adactin.SelectHotel"/>
  <system-out/>
</testsuite> <!-- com.adactin.SelectHotel -->
