<?xml version="1.0" encoding="UTF-8"?>
<!-- Generated by org.testng.reporters.JUnitReportReporter -->
<testsuite skipped="0" hostname="Sudhakar" name="com.adactin.LoginPage" tests="1" failures="0" timestamp="2020-07-17T11:04:38 IST" time="91.846" errors="0">
  <testcase name="loginTest" time="91.846" classname="com.adactin.LoginPage"/>
  <system-out/>
</testsuite> <!-- com.adactin.LoginPage -->
