<?xml version="1.0" encoding="UTF-8"?>
<!-- Generated by org.testng.reporters.JUnitReportReporter -->
<testsuite skipped="0" hostname="Sudhakar" name="com.testng.Sample1" tests="3" failures="0" timestamp="2020-07-15T11:06:13 IST" time="0.036" errors="0">
  <testcase name="test6" time="0.003" classname="com.testng.Sample1"/>
  <system-out/>
  <testcase name="test7" time="0.014" classname="com.testng.Sample1"/>
  <system-out/>
  <testcase name="test5" time="0.019" classname="com.testng.Sample1"/>
  <system-out/>
</testsuite> <!-- com.testng.Sample1 -->
